Laberinto/Library/Bee/Android/Prj/IL2CPP/Gradle/launcher/build/intermediates/manifest_merge_blame_file/release/manifest-merger-blame-release-report.txt
1<?xml version="1.0" encoding="utf-8"?>
2<manifest xmlns:android="http://schemas.android.com/apk/res/android"
3    package="com.DefaultCompany.Laberinto"
4    android:installLocation="auto"
5    android:versionCode="1"
6    android:versionName="0.1" >
7
8    <uses-sdk
9        android:minSdkVersion="29"
9-->src\main\AndroidManifest.xml
10        android:targetSdkVersion="33" />
10-->src\main\AndroidManifest.xml
11
12    <supports-screens
12-->src\main\AndroidManifest.xml:3:3-163
13        android:anyDensity="true"
13-->src\main\AndroidManifest.xml:3:135-160
14        android:largeScreens="true"
14-->src\main\AndroidManifest.xml:3:78-105
15        android:normalScreens="true"
15-->src\main\AndroidManifest.xml:3:49-77
16        android:smallScreens="true"
16-->src\main\AndroidManifest.xml:3:21-48
17        android:xlargeScreens="true" />
17-->src\main\AndroidManifest.xml:3:106-134
18
19    <uses-feature
19-->[:unityLibrary] AndroidManifest.xml:12:5-15:31
20        android:name="android.hardware.vr.headtracking"
20-->[:unityLibrary] AndroidManifest.xml:13:9-56
21        android:required="true"
21-->[:unityLibrary] AndroidManifest.xml:14:9-32
22        android:version="1" />
22-->[:unityLibrary] AndroidManifest.xml:15:9-28
23    <uses-feature android:name="android.hardware.vulkan.version" />
23-->[:unityLibrary] AndroidManifest.xml:16:5-68
23-->[:unityLibrary] AndroidManifest.xml:16:19-65
24
25    <uses-permission android:name="android.permission.INTERNET" />
25-->[:unityLibrary] AndroidManifest.xml:18:5-67
25-->[:unityLibrary] AndroidManifest.xml:18:22-64
26
27    <uses-feature
27-->[:unityLibrary] AndroidManifest.xml:20:5-22:36
28        android:name="android.hardware.touchscreen"
28-->[:unityLibrary] AndroidManifest.xml:21:9-52
29        android:required="false" />
29-->[:unityLibrary] AndroidManifest.xml:22:9-33
30    <uses-feature
30-->[:unityLibrary] AndroidManifest.xml:23:5-25:36
31        android:name="android.hardware.touchscreen.multitouch"
31-->[:unityLibrary] AndroidManifest.xml:24:9-63
32        android:required="false" />
32-->[:unityLibrary] AndroidManifest.xml:25:9-33
33    <uses-feature
33-->[:unityLibrary] AndroidManifest.xml:26:5-28:36
34        android:name="android.hardware.touchscreen.multitouch.distinct"
34-->[:unityLibrary] AndroidManifest.xml:27:9-72
35        android:required="false" />
35-->[:unityLibrary] AndroidManifest.xml:28:9-33
36
37    <application
37-->src\main\AndroidManifest.xml:4:3-83
38        android:allowBackup="false"
38-->[:unityLibrary] AndroidManifest.xml:31:9-36
39        android:extractNativeLibs="true"
39-->[:unityLibrary] AndroidManifest.xml:32:9-41
40        android:icon="@mipmap/app_icon"
40-->src\main\AndroidManifest.xml:4:49-80
41        android:label="@string/app_name"
41-->src\main\AndroidManifest.xml:4:16-48
42        android:networkSecurityConfig="@xml/network_sec_config" >
42-->[:unityLibrary] AndroidManifest.xml:35:9-64
43        <activity
43-->[:unityLibrary] AndroidManifest.xml:36:9-59:20
44            android:name="com.unity3d.player.UnityPlayerActivity"
44-->[:unityLibrary] AndroidManifest.xml:37:13-66
45            android:configChanges="keyboard|keyboardHidden|navigation|orientation|screenLayout|screenSize|uiMode|density"
45-->[:unityLibrary] AndroidManifest.xml:38:13-122
46            android:excludeFromRecents="true"
46-->[:unityLibrary] AndroidManifest.xml:39:13-46
47            android:exported="true"
47-->[:unityLibrary] AndroidManifest.xml:40:13-36
48            android:hardwareAccelerated="false"
48-->[:unityLibrary] AndroidManifest.xml:41:13-48
49            android:launchMode="singleTask"
49-->[:unityLibrary] AndroidManifest.xml:42:13-44
50            android:resizeableActivity="false"
50-->[:unityLibrary] AndroidManifest.xml:43:13-47
51            android:screenOrientation="landscape"
51-->[:unityLibrary] AndroidManifest.xml:44:13-50
52            android:theme="@android:style/Theme.Black.NoTitleBar.Fullscreen" >
52-->[:unityLibrary] AndroidManifest.xml:45:13-77
53            <intent-filter>
53-->[:unityLibrary] AndroidManifest.xml:46:13-51:29
54                <action android:name="android.intent.action.MAIN" />
54-->[:unityLibrary] AndroidManifest.xml:47:17-69
54-->[:unityLibrary] AndroidManifest.xml:47:25-66
55
56                <category android:name="android.intent.category.LAUNCHER" />
56-->[:unityLibrary] AndroidManifest.xml:49:17-77
56-->[:unityLibrary] AndroidManifest.xml:49:27-74
57                <category android:name="com.oculus.intent.category.VR" />
57-->[:unityLibrary] AndroidManifest.xml:50:17-74
57-->[:unityLibrary] AndroidManifest.xml:50:27-71
58            </intent-filter>
59
60            <meta-data
60-->[:unityLibrary] AndroidManifest.xml:53:13-55:40
61                android:name="com.oculus.vr.focusaware"
61-->[:unityLibrary] AndroidManifest.xml:54:17-56
62                android:value="true" />
62-->[:unityLibrary] AndroidManifest.xml:55:17-37
63            <meta-data
63-->[:unityLibrary] AndroidManifest.xml:56:13-58:40
64                android:name="android.notch_support"
64-->[:unityLibrary] AndroidManifest.xml:57:17-53
65                android:value="true" />
65-->[:unityLibrary] AndroidManifest.xml:58:17-37
66        </activity>
67
68        <meta-data
68-->[:unityLibrary] AndroidManifest.xml:61:9-63:37
69            android:name="unityplayer.SkipPermissionsDialog"
69-->[:unityLibrary] AndroidManifest.xml:62:13-61
70            android:value="false" />
70-->[:unityLibrary] AndroidManifest.xml:63:13-34
71        <meta-data
71-->[:unityLibrary] AndroidManifest.xml:64:9-66:39
72            android:name="com.samsung.android.vr.application.mode"
72-->[:unityLibrary] AndroidManifest.xml:65:13-67
73            android:value="vr_only" />
73-->[:unityLibrary] AndroidManifest.xml:66:13-36
74        <meta-data
74-->[:unityLibrary] AndroidManifest.xml:67:9-69:54
75            android:name="com.oculus.supportedDevices"
75-->[:unityLibrary] AndroidManifest.xml:68:13-55
76            android:value="quest2|questpro|eureka" />
76-->[:unityLibrary] AndroidManifest.xml:69:13-51
77        <meta-data
77-->[:unityLibrary] AndroidManifest.xml:70:9-72:33
78            android:name="unity.splash-mode"
78-->[:unityLibrary] AndroidManifest.xml:71:13-45
79            android:value="0" />
79-->[:unityLibrary] AndroidManifest.xml:72:13-30
80        <meta-data
80-->[:unityLibrary] AndroidManifest.xml:73:9-75:36
81            android:name="unity.splash-enable"
81-->[:unityLibrary] AndroidManifest.xml:74:13-47
82            android:value="True" />
82-->[:unityLibrary] AndroidManifest.xml:75:13-33
83        <meta-data
83-->[:unityLibrary] AndroidManifest.xml:76:9-78:36
84            android:name="unity.launch-fullscreen"
84-->[:unityLibrary] AndroidManifest.xml:77:13-51
85            android:value="True" />
85-->[:unityLibrary] AndroidManifest.xml:78:13-33
86        <meta-data
86-->[:unityLibrary] AndroidManifest.xml:79:9-81:37
87            android:name="unity.allow-resizable-window"
87-->[:unityLibrary] AndroidManifest.xml:80:13-56
88            android:value="False" />
88-->[:unityLibrary] AndroidManifest.xml:81:13-34
89        <meta-data
89-->[:unityLibrary] AndroidManifest.xml:82:9-84:50
90            android:name="notch.config"
90-->[:unityLibrary] AndroidManifest.xml:83:13-40
91            android:value="portrait|landscape" />
91-->[:unityLibrary] AndroidManifest.xml:84:13-47
92        <meta-data
92-->[:unityLibrary] AndroidManifest.xml:85:9-87:36
93            android:name="unity.auto-report-fully-drawn"
93-->[:unityLibrary] AndroidManifest.xml:86:13-57
94            android:value="true" />
94-->[:unityLibrary] AndroidManifest.xml:87:13-33
95        <meta-data
95-->[:unityLibrary] AndroidManifest.xml:88:9-90:37
96            android:name="com.unity.xr.oculus.LowOverheadMode"
96-->[:unityLibrary] AndroidManifest.xml:89:13-63
97            android:value="false" />
97-->[:unityLibrary] AndroidManifest.xml:90:13-34
98        <meta-data
98-->[:unityLibrary] AndroidManifest.xml:91:9-93:37
99            android:name="com.unity.xr.oculus.LateLatching"
99-->[:unityLibrary] AndroidManifest.xml:92:13-60
100            android:value="false" />
100-->[:unityLibrary] AndroidManifest.xml:93:13-34
101        <meta-data
101-->[:unityLibrary] AndroidManifest.xml:94:9-96:37
102            android:name="com.unity.xr.oculus.LateLatchingDebug"
102-->[:unityLibrary] AndroidManifest.xml:95:13-65
103            android:value="false" />
103-->[:unityLibrary] AndroidManifest.xml:96:13-34
104    </application>
105
106</manifest>